0 info it worked if it ends with ok
1 verbose cli [ 'node', '/usr/local/bin/npm', 'install', '-g', 'mongo-hacker' ]
2 info using npm@2.7.4
3 info using node@v0.12.2
4 silly cache add args [ 'mongo-hacker', null ]
5 verbose cache add spec mongo-hacker
6 silly cache add parsed spec { raw: 'mongo-hacker',
6 silly cache add   scope: null,
6 silly cache add   name: 'mongo-hacker',
6 silly cache add   rawSpec: '',
6 silly cache add   spec: '*',
6 silly cache add   type: 'range' }
7 verbose addNamed mongo-hacker@*
8 silly addNamed semver.valid null
9 silly addNamed semver.validRange *
10 silly addNameRange { name: 'mongo-hacker', range: '*', hasData: false }
11 silly mapToRegistry name mongo-hacker
12 silly mapToRegistry using default registry
13 silly mapToRegistry registry https://registry.npmjs.org/
14 silly mapToRegistry uri https://registry.npmjs.org/mongo-hacker
15 verbose addNameRange registry:https://registry.npmjs.org/mongo-hacker not in flight; fetching
16 verbose request uri https://registry.npmjs.org/mongo-hacker
17 verbose request no auth needed
18 info attempt registry request try #1 at 1:16:31 AM
19 verbose request id 1fa3e9090517b0ed
20 verbose etag "5GCI14ZGN6VMCLYPDQTYM1IM4"
21 http request GET https://registry.npmjs.org/mongo-hacker
22 http 304 https://registry.npmjs.org/mongo-hacker
23 silly get cb [ 304,
23 silly get   { date: 'Mon, 22 Jun 2015 00:16:31 GMT',
23 silly get     via: '1.1 varnish',
23 silly get     'cache-control': 'max-age=60',
23 silly get     etag: '"5GCI14ZGN6VMCLYPDQTYM1IM4"',
23 silly get     age: '0',
23 silly get     connection: 'keep-alive',
23 silly get     'x-served-by': 'cache-ams4133-AMS',
23 silly get     'x-cache': 'HIT',
23 silly get     'x-cache-hits': '1',
23 silly get     'x-timer': 'S1434932191.775897,VS0,VE383',
23 silly get     vary: 'Accept' } ]
24 verbose etag https://registry.npmjs.org/mongo-hacker from cache
25 verbose get saving mongo-hacker to /Users/moufid/.npm/registry.npmjs.org/mongo-hacker/.cache.json
26 silly addNameRange number 2 { name: 'mongo-hacker', range: '*', hasData: true }
27 silly addNameRange versions [ 'mongo-hacker', [ '0.0.3', '0.0.4', '0.0.5', '0.0.8' ] ]
28 verbose addNamed mongo-hacker@0.0.8
29 silly addNamed semver.valid 0.0.8
30 silly addNamed semver.validRange 0.0.8
31 silly cache afterAdd mongo-hacker@0.0.8
32 verbose afterAdd /Users/moufid/.npm/mongo-hacker/0.0.8/package/package.json not in flight; writing
33 verbose afterAdd /Users/moufid/.npm/mongo-hacker/0.0.8/package/package.json written
34 silly install resolved [ { name: 'mongo-hacker',
34 silly install resolved     version: '0.0.8',
34 silly install resolved     description: 'MongoDB Shell Enhancements for Hackers',
34 silly install resolved     scripts:
34 silly install resolved      { test: 'echo "Error: no test specified" && exit 1',
34 silly install resolved        install: 'make install',
34 silly install resolved        update: 'make install',
34 silly install resolved        postuninstall: 'make uninstall' },
34 silly install resolved     preferGlobal: true,
34 silly install resolved     repository:
34 silly install resolved      { type: 'git',
34 silly install resolved        url: 'git@github.com:TylerBrock/mongo-hacker.git' },
34 silly install resolved     keywords: [ 'mongodb', 'shell', 'hacks', 'tweaks' ],
34 silly install resolved     author: { name: 'Tyler Brock', email: 'tyler.brock@gmail.com' },
34 silly install resolved     homepage: 'http://tylerbrock.github.io/mongo-hacker/',
34 silly install resolved     license: 'MIT',
34 silly install resolved     bugs: { url: 'https://github.com/TylerBrock/mongo-hacker/issues' },
34 silly install resolved     gitHead: '78f9412df818daff3f82ed6c5f25ac60f35e4ba8',
34 silly install resolved     _id: 'mongo-hacker@0.0.8',
34 silly install resolved     _shasum: 'affb7e7577b9e9b234432a868ba6d93e6d3411e5',
34 silly install resolved     _from: 'mongo-hacker@*',
34 silly install resolved     _npmVersion: '2.7.5',
34 silly install resolved     _nodeVersion: '0.12.2',
34 silly install resolved     _npmUser: { name: 'tylerbrock', email: 'tyler.brock@gmail.com' },
34 silly install resolved     maintainers: [ [Object] ],
34 silly install resolved     dist:
34 silly install resolved      { shasum: 'affb7e7577b9e9b234432a868ba6d93e6d3411e5',
34 silly install resolved        tarball: 'http://registry.npmjs.org/mongo-hacker/-/mongo-hacker-0.0.8.tgz' },
34 silly install resolved     directories: {},
34 silly install resolved     _resolved: 'https://registry.npmjs.org/mongo-hacker/-/mongo-hacker-0.0.8.tgz',
34 silly install resolved     readme: 'ERROR: No README data found!' } ]
35 info install mongo-hacker@0.0.8 into /usr/local/lib
36 info installOne mongo-hacker@0.0.8
37 verbose installOne of mongo-hacker to /usr/local/lib not in flight; installing
38 verbose lock using /Users/moufid/.npm/_locks/mongo-hacker-ad7f305baebeac6b.lock for /usr/local/lib/node_modules/mongo-hacker
39 silly install write writing mongo-hacker 0.0.8 to /usr/local/lib/node_modules/mongo-hacker
40 silly cache addNamed cb mongo-hacker@0.0.8
41 verbose unbuild lib/node_modules/mongo-hacker
42 silly gentlyRm /usr/local/lib/node_modules/mongo-hacker is being purged from base /usr/local
43 verbose gentlyRm don't care about contents; nuking /usr/local/lib/node_modules/mongo-hacker
44 verbose tar unpack /Users/moufid/.npm/mongo-hacker/0.0.8/package.tgz
45 verbose tar unpacking to /usr/local/lib/node_modules/mongo-hacker
46 silly gentlyRm /usr/local/lib/node_modules/mongo-hacker is being purged
47 verbose gentlyRm don't care about contents; nuking /usr/local/lib/node_modules/mongo-hacker
48 silly gunzTarPerm modes [ '755', '644' ]
49 silly gunzTarPerm extractEntry package.json
50 silly gunzTarPerm extractEntry .npmignore
51 silly gunzTarPerm extractEntry README.md
52 silly gunzTarPerm extractEntry LICENSE
53 silly gunzTarPerm extractEntry base.js
54 silly gunzTarPerm extractEntry config.js
55 silly gunzTarPerm extractEntry Makefile
56 silly gunzTarPerm extractEntry hacks/aggregation.js
57 silly gunzTarPerm extractEntry hacks/color.js
58 silly gunzTarPerm extractEntry hacks/common.js
59 silly gunzTarPerm extractEntry hacks/count.js
60 silly gunzTarPerm extractEntry hacks/find_and_modify.js
61 silly gunzTarPerm extractEntry hacks/cmd_search.js
62 silly gunzTarPerm extractEntry hacks/index_paranoia.js
63 silly gunzTarPerm extractEntry hacks/old_aggregation.js
64 silly gunzTarPerm extractEntry hacks/prompt.js
65 silly gunzTarPerm extractEntry hacks/sh_status.js
66 silly gunzTarPerm extractEntry hacks/show.js
67 silly gunzTarPerm extractEntry hacks/auto_complete.js
68 silly gunzTarPerm extractEntry hacks/uuid.js
69 silly gunzTarPerm extractEntry hacks/api.js
70 silly gunzTarPerm extractEntry hacks/verbose.js
71 silly gunzTarPerm extractEntry hacks/helpers.js
72 info preinstall mongo-hacker@0.0.8
73 silly install resolved []
74 verbose about to build /usr/local/lib/node_modules/mongo-hacker
75 info build /usr/local/lib/node_modules/mongo-hacker
76 verbose linkStuff [ true,
76 verbose linkStuff   '/usr/local/lib/node_modules',
76 verbose linkStuff   true,
76 verbose linkStuff   '/usr/local/lib/node_modules' ]
77 info linkStuff mongo-hacker@0.0.8
78 verbose linkBins mongo-hacker@0.0.8
79 verbose linkMans mongo-hacker@0.0.8
80 verbose rebuildBundles mongo-hacker@0.0.8
81 info install mongo-hacker@0.0.8
82 verbose unsafe-perm in lifecycle false
83 info mongo-hacker@0.0.8 Failed to exec install script
84 verbose unlock done using /Users/moufid/.npm/_locks/mongo-hacker-ad7f305baebeac6b.lock for /usr/local/lib/node_modules/mongo-hacker
85 verbose stack Error: mongo-hacker@0.0.8 install: `make install`
85 verbose stack Exit status 2
85 verbose stack     at EventEmitter.<anonymous> (/usr/local/lib/node_modules/npm/lib/utils/lifecycle.js:213:16)
85 verbose stack     at EventEmitter.emit (events.js:110:17)
85 verbose stack     at ChildProcess.<anonymous> (/usr/local/lib/node_modules/npm/lib/utils/spawn.js:14:12)
85 verbose stack     at ChildProcess.emit (events.js:110:17)
85 verbose stack     at maybeClose (child_process.js:1015:16)
85 verbose stack     at Process.ChildProcess._handle.onexit (child_process.js:1087:5)
86 verbose pkgid mongo-hacker@0.0.8
87 verbose cwd /Users/moufid/Desktop/workspace/foosboom-meteor
88 error Darwin 14.3.0
89 error argv "node" "/usr/local/bin/npm" "install" "-g" "mongo-hacker"
90 error node v0.12.2
91 error npm  v2.7.4
92 error code ELIFECYCLE
93 error mongo-hacker@0.0.8 install: `make install`
93 error Exit status 2
94 error Failed at the mongo-hacker@0.0.8 install script 'make install'.
94 error This is most likely a problem with the mongo-hacker package,
94 error not with npm itself.
94 error Tell the author that this fails on your system:
94 error     make install
94 error You can get their info via:
94 error     npm owner ls mongo-hacker
94 error There is likely additional logging output above.
95 verbose exit [ 1, true ]
96 verbose unbuild lib/node_modules/mongo-hacker
97 info preuninstall mongo-hacker@0.0.8
98 info uninstall mongo-hacker@0.0.8
99 verbose unbuild rmStuff mongo-hacker@0.0.8 from /usr/local/lib/node_modules
100 info postuninstall mongo-hacker@0.0.8
101 verbose unsafe-perm in lifecycle false
102 info mongo-hacker@0.0.8 Failed to exec postuninstall script
103 warn continuing anyway mongo-hacker@0.0.8 postuninstall: `make uninstall`
103 warn continuing anyway Exit status 2
104 silly gentlyRm /usr/local/lib/node_modules/mongo-hacker is being purged from base /usr/local
105 verbose gentlyRm don't care about contents; nuking /usr/local/lib/node_modules/mongo-hacker
106 silly vacuum-fs purging /usr/local/lib/node_modules/mongo-hacker
107 silly vacuum-fs quitting because other entries in /usr/local/lib/node_modules
